<?xml version="1.0" encoding="UTF-8"?>
<testsuite xmlns:xsi="http://www.w3.org/2001/XMLSchema-instance" xsi:noNamespaceSchemaLocation="https://maven.apache.org/surefire/maven-surefire-plugin/xsd/surefire-test-report-3.0.xsd" version="3.0" name="testrunner.TestRunner" time="21.219" tests="2" errors="0" skipped="0" failures="0">
  <properties>
[...]
</properties>
  <testcase name="User creates a new quote in Sales/Quotes" classname="Create new quote in Sales/Quotes" time="13.455">
    <system-out><![CDATA[
Scenario Outline: User creates a new quote in Sales/Quotes                                         # src/test/java/features/1. CreateNewQuote.feature:11
set browser ==== Chrome
created app url ==== https://idp.bexio.com/login
  Given the user logged in to the application with 'stanemirdanstefan@gmail.com' and 'B3x!oAG1'    # stepdefinitions.SalesSteps.userLoginsToApp(java.lang.String,java.lang.String)
  And the user is on the Quotes page                                                               # stepdefinitions.SalesSteps.userNavigatesToQuotes()
  When the user creates a new quote with 'new quote' and '10' and '12'                             # stepdefinitions.SalesSteps.theUserCreatesANewQuote(java.lang.String,java.lang.String,java.lang.String)
  Then the quote is successfully created with the correct values for 'new quote' and '10' and '12' # stepdefinitions.SalesSteps.theQuoteWasCreated(java.lang.String,java.lang.String,java.lang.String)
]]></system-out>
  </testcase>
  <testcase name="User changes status of a quote from draft to pending" classname="Change status of a quote" time="7.446">
    <system-out><![CDATA[
Scenario Outline: User changes status of a quote from draft to pending                          # src/test/java/features/2. ChangeQuoteStatus.feature:13
set browser ==== Chrome
created app url ==== https://idp.bexio.com/login
  Given the user logged in to the application with "stanemirdanstefan@gmail.com" and "B3x!oAG1" # stepdefinitions.SalesSteps.userLoginsToApp(java.lang.String,java.lang.String)
  And the user is on the Quotes page                                                            # stepdefinitions.SalesSteps.userNavigatesToQuotes()
A total of 8 elements where found
  And there is a quote in "Draft"                                                               # stepdefinitions.SalesSteps.thereIsAQuoteIn(java.lang.String)
  When the user marks the quote as "Pending"                                                    # stepdefinitions.SalesSteps.theUserMarksTheQuoteAs(java.lang.String)
  Then the quote status should change to "Pending"                                              # stepdefinitions.SalesSteps.theQuoteStatusShouldChangeTo(java.lang.String)
]]></system-out>
  </testcase>
</testsuite>